snowfloTest/AlohaLogin/app/build/intermediates/manifest_merge_blame_file/debug/manifest-merger-blame-debug-report.txt
1<?xml version="1.0" encoding="utf-8"?>
2<manifest xmlns:android="http://schemas.android.com/apk/res/android"
3    package="kr.ac.kpu.alohalogin"
4    android:versionCode="1"
5    android:versionName="1.0" >
6
7    <uses-sdk
8        android:minSdkVersion="19"
8-->src\main\AndroidManifest.xml
9        android:targetSdkVersion="30" />
9-->src\main\AndroidManifest.xml
10
11    <uses-permission android:name="android.permission.INTERNET" />
11-->[com.google.firebase:firebase-auth:20.0.2] AndroidManifest.xml:23:5-67
11-->[com.google.firebase:firebase-auth:20.0.2] AndroidManifest.xml:23:22-64
12    <uses-permission android:name="android.permission.ACCESS_NETWORK_STATE" />
12-->[com.google.firebase:firebase-auth:20.0.2] AndroidManifest.xml:24:5-79
12-->[com.google.firebase:firebase-auth:20.0.2] AndroidManifest.xml:24:22-76
13    <uses-permission android:name="android.permission.WAKE_LOCK" />
13-->[com.google.android.gms:play-services-measurement-api:18.0.2] AndroidManifest.xml:24:5-68
13-->[com.google.android.gms:play-services-measurement-api:18.0.2] AndroidManifest.xml:24:22-65
14    <uses-permission android:name="com.google.android.finsky.permission.BIND_GET_INSTALL_REFERRER_SERVICE" />
14-->[com.google.android.gms:play-services-measurement:18.0.2] AndroidManifest.xml:26:5-110
14-->[com.google.android.gms:play-services-measurement:18.0.2] AndroidManifest.xml:26:22-107
15
16    <application
16-->src\main\AndroidManifest.xml:5:5-22:19
17        android:allowBackup="true"
17-->src\main\AndroidManifest.xml:6:9-35
18        android:appComponentFactory="androidx.core.app.CoreComponentFactory"
18-->[androidx.core:core:1.3.2] AndroidManifest.xml:24:18-86
19        android:debuggable="true"
20        android:icon="@mipmap/ic_launcher"
20-->src\main\AndroidManifest.xml:7:9-43
21        android:label="@string/app_name"
21-->src\main\AndroidManifest.xml:8:9-41
22        android:roundIcon="@mipmap/ic_launcher_round"
22-->src\main\AndroidManifest.xml:9:9-54
23        android:supportsRtl="true"
23-->src\main\AndroidManifest.xml:10:9-35
24        android:testOnly="true"
25        android:theme="@style/Theme.AlohaLogin" >
25-->src\main\AndroidManifest.xml:11:9-48
26        <activity android:name="kr.ac.kpu.alohalogin.makeAccountActivity" >
26-->src\main\AndroidManifest.xml:12:9-18:20
26-->src\main\AndroidManifest.xml:12:19-54
27            <intent-filter>
27-->src\main\AndroidManifest.xml:13:13-17:25
28                <action android:name="android.intent.action.MAIN" />
28-->src\main\AndroidManifest.xml:14:13-65
28-->src\main\AndroidManifest.xml:14:21-62
29
30                <category android:name="android.intent.category.LAUNCHER" />
30-->src\main\AndroidManifest.xml:16:13-73
30-->src\main\AndroidManifest.xml:16:23-70
31            </intent-filter>
32        </activity>
33        <activity android:name="kr.ac.kpu.alohalogin.MainActivity" >
33-->src\main\AndroidManifest.xml:20:9-21:20
33-->src\main\AndroidManifest.xml:20:19-47
34        </activity>
35
36        <service
36-->[com.google.firebase:firebase-analytics-ktx:18.0.2] AndroidManifest.xml:8:9-14:19
37            android:name="com.google.firebase.components.ComponentDiscoveryService"
37-->[com.google.firebase:firebase-analytics-ktx:18.0.2] AndroidManifest.xml:9:13-84
38            android:directBootAware="true"
38-->[com.google.firebase:firebase-common:19.5.0] AndroidManifest.xml:35:13-43
39            android:exported="false" >
39-->[com.google.firebase:firebase-analytics-ktx:18.0.2] AndroidManifest.xml:10:13-37
40            <meta-data
40-->[com.google.firebase:firebase-analytics-ktx:18.0.2] AndroidManifest.xml:11:13-13:85
41                android:name="com.google.firebase.components:com.google.firebase.analytics.ktx.FirebaseAnalyticsKtxRegistrar"
41-->[com.google.firebase:firebase-analytics-ktx:18.0.2] AndroidManifest.xml:12:17-126
42                android:value="com.google.firebase.components.ComponentRegistrar" />
42-->[com.google.firebase:firebase-analytics-ktx:18.0.2] AndroidManifest.xml:13:17-82
43            <meta-data
43-->[com.google.firebase:firebase-auth-ktx:20.0.2] AndroidManifest.xml:11:13-13:85
44                android:name="com.google.firebase.components:com.google.firebase.auth.ktx.FirebaseAuthKtxRegistrar"
44-->[com.google.firebase:firebase-auth-ktx:20.0.2] AndroidManifest.xml:12:17-116
45                android:value="com.google.firebase.components.ComponentRegistrar" />
45-->[com.google.firebase:firebase-auth-ktx:20.0.2] AndroidManifest.xml:13:17-82
46            <meta-data
46-->[com.google.firebase:firebase-common-ktx:19.5.0] AndroidManifest.xml:15:13-17:85
47                android:name="com.google.firebase.components:com.google.firebase.ktx.FirebaseCommonKtxRegistrar"
47-->[com.google.firebase:firebase-common-ktx:19.5.0] AndroidManifest.xml:16:17-113
48                android:value="com.google.firebase.components.ComponentRegistrar" />
48-->[com.google.firebase:firebase-common-ktx:19.5.0] AndroidManifest.xml:17:17-82
49            <meta-data
49-->[com.google.firebase:firebase-auth:20.0.2] AndroidManifest.xml:77:13-79:85
50                android:name="com.google.firebase.components:com.google.firebase.auth.FirebaseAuthRegistrar"
50-->[com.google.firebase:firebase-auth:20.0.2] AndroidManifest.xml:78:17-109
51                android:value="com.google.firebase.components.ComponentRegistrar" />
51-->[com.google.firebase:firebase-auth:20.0.2] AndroidManifest.xml:79:17-82
52            <meta-data
52-->[com.google.android.gms:play-services-measurement-api:18.0.2] AndroidManifest.xml:30:13-32:85
53                android:name="com.google.firebase.components:com.google.firebase.analytics.connector.internal.AnalyticsConnectorRegistrar"
53-->[com.google.android.gms:play-services-measurement-api:18.0.2] AndroidManifest.xml:31:17-139
54                android:value="com.google.firebase.components.ComponentRegistrar" />
54-->[com.google.android.gms:play-services-measurement-api:18.0.2] AndroidManifest.xml:32:17-82
55            <meta-data
55-->[com.google.firebase:firebase-installations:16.3.5] AndroidManifest.xml:18:13-20:85
56                android:name="com.google.firebase.components:com.google.firebase.installations.FirebaseInstallationsRegistrar"
56-->[com.google.firebase:firebase-installations:16.3.5] AndroidManifest.xml:19:17-127
57                android:value="com.google.firebase.components.ComponentRegistrar" />
57-->[com.google.firebase:firebase-installations:16.3.5] AndroidManifest.xml:20:17-82
58            <!--
59                This registrar is not defined in the dynamic-module-support sdk itself to allow non-firebase
60                clients to use it as well, by defining this registrar in their own core/common library.
61            -->
62            <meta-data
62-->[com.google.firebase:firebase-common:19.5.0] AndroidManifest.xml:43:13-45:85
63                android:name="com.google.firebase.components:com.google.firebase.dynamicloading.DynamicLoadingRegistrar"
63-->[com.google.firebase:firebase-common:19.5.0] AndroidManifest.xml:44:17-121
64                android:value="com.google.firebase.components.ComponentRegistrar" />
64-->[com.google.firebase:firebase-common:19.5.0] AndroidManifest.xml:45:17-82
65        </service>
66
67        <activity
67-->[com.google.firebase:firebase-auth:20.0.2] AndroidManifest.xml:27:9-44:20
68            android:name="com.google.firebase.auth.internal.GenericIdpActivity"
68-->[com.google.firebase:firebase-auth:20.0.2] AndroidManifest.xml:28:13-80
69            android:excludeFromRecents="true"
69-->[com.google.firebase:firebase-auth:20.0.2] AndroidManifest.xml:29:13-46
70            android:exported="true"
70-->[com.google.firebase:firebase-auth:20.0.2] AndroidManifest.xml:30:13-36
71            android:launchMode="singleTask"
71-->[com.google.firebase:firebase-auth:20.0.2] AndroidManifest.xml:31:13-44
72            android:theme="@android:style/Theme.Translucent.NoTitleBar" >
72-->[com.google.firebase:firebase-auth:20.0.2] AndroidManifest.xml:32:13-72
73            <intent-filter>
73-->[com.google.firebase:firebase-auth:20.0.2] AndroidManifest.xml:33:13-43:29
74                <action android:name="android.intent.action.VIEW" />
74-->[com.google.firebase:firebase-auth:20.0.2] AndroidManifest.xml:34:17-69
74-->[com.google.firebase:firebase-auth:20.0.2] AndroidManifest.xml:34:25-66
75
76                <category android:name="android.intent.category.DEFAULT" />
76-->[com.google.firebase:firebase-auth:20.0.2] AndroidManifest.xml:36:17-76
76-->[com.google.firebase:firebase-auth:20.0.2] AndroidManifest.xml:36:27-73
77                <category android:name="android.intent.category.BROWSABLE" />
77-->[com.google.firebase:firebase-auth:20.0.2] AndroidManifest.xml:37:17-78
77-->[com.google.firebase:firebase-auth:20.0.2] AndroidManifest.xml:37:27-75
78
79                <data
79-->[com.google.firebase:firebase-auth:20.0.2] AndroidManifest.xml:39:17-42:51
80                    android:host="firebase.auth"
80-->[com.google.firebase:firebase-auth:20.0.2] AndroidManifest.xml:40:21-49
81                    android:path="/"
81-->[com.google.firebase:firebase-auth:20.0.2] AndroidManifest.xml:41:21-37
82                    android:scheme="genericidp" />
82-->[com.google.firebase:firebase-auth:20.0.2] AndroidManifest.xml:42:21-48
83            </intent-filter>
84        </activity>
85        <activity
85-->[com.google.firebase:firebase-auth:20.0.2] AndroidManifest.xml:45:9-62:20
86            android:name="com.google.firebase.auth.internal.RecaptchaActivity"
86-->[com.google.firebase:firebase-auth:20.0.2] AndroidManifest.xml:46:13-79
87            android:excludeFromRecents="true"
87-->[com.google.firebase:firebase-auth:20.0.2] AndroidManifest.xml:47:13-46
88            android:exported="true"
88-->[com.google.firebase:firebase-auth:20.0.2] AndroidManifest.xml:48:13-36
89            android:launchMode="singleTask"
89-->[com.google.firebase:firebase-auth:20.0.2] AndroidManifest.xml:49:13-44
90            android:theme="@android:style/Theme.Translucent.NoTitleBar" >
90-->[com.google.firebase:firebase-auth:20.0.2] AndroidManifest.xml:50:13-72
91            <intent-filter>
91-->[com.google.firebase:firebase-auth:20.0.2] AndroidManifest.xml:51:13-61:29
92                <action android:name="android.intent.action.VIEW" />
92-->[com.google.firebase:firebase-auth:20.0.2] AndroidManifest.xml:34:17-69
92-->[com.google.firebase:firebase-auth:20.0.2] AndroidManifest.xml:34:25-66
93
94                <category android:name="android.intent.category.DEFAULT" />
94-->[com.google.firebase:firebase-auth:20.0.2] AndroidManifest.xml:36:17-76
94-->[com.google.firebase:firebase-auth:20.0.2] AndroidManifest.xml:36:27-73
95                <category android:name="android.intent.category.BROWSABLE" />
95-->[com.google.firebase:firebase-auth:20.0.2] AndroidManifest.xml:37:17-78
95-->[com.google.firebase:firebase-auth:20.0.2] AndroidManifest.xml:37:27-75
96
97                <data
97-->[com.google.firebase:firebase-auth:20.0.2] AndroidManifest.xml:39:17-42:51
98                    android:host="firebase.auth"
98-->[com.google.firebase:firebase-auth:20.0.2] AndroidManifest.xml:40:21-49
99                    android:path="/"
99-->[com.google.firebase:firebase-auth:20.0.2] AndroidManifest.xml:41:21-37
100                    android:scheme="recaptcha" />
100-->[com.google.firebase:firebase-auth:20.0.2] AndroidManifest.xml:42:21-48
101            </intent-filter>
102        </activity>
103
104        <service
104-->[com.google.firebase:firebase-auth:20.0.2] AndroidManifest.xml:64:9-73:19
105            android:name="com.google.firebase.auth.api.fallback.service.FirebaseAuthFallbackService"
105-->[com.google.firebase:firebase-auth:20.0.2] AndroidManifest.xml:65:13-101
106            android:enabled="true"
106-->[com.google.firebase:firebase-auth:20.0.2] AndroidManifest.xml:66:13-35
107            android:exported="false" >
107-->[com.google.firebase:firebase-auth:20.0.2] AndroidManifest.xml:67:13-37
108            <intent-filter>
108-->[com.google.firebase:firebase-auth:20.0.2] AndroidManifest.xml:68:13-72:29
109                <action android:name="com.google.firebase.auth.api.gms.service.START" />
109-->[com.google.firebase:firebase-auth:20.0.2] AndroidManifest.xml:69:17-89
109-->[com.google.firebase:firebase-auth:20.0.2] AndroidManifest.xml:69:25-86
110
111                <category android:name="android.intent.category.DEFAULT" />
111-->[com.google.firebase:firebase-auth:20.0.2] AndroidManifest.xml:36:17-76
111-->[com.google.firebase:firebase-auth:20.0.2] AndroidManifest.xml:36:27-73
112            </intent-filter>
113        </service>
114
115        <provider
115-->[com.google.firebase:firebase-common:19.5.0] AndroidManifest.xml:26:9-31:39
116            android:name="com.google.firebase.provider.FirebaseInitProvider"
116-->[com.google.firebase:firebase-common:19.5.0] AndroidManifest.xml:27:13-77
117            android:authorities="kr.ac.kpu.alohalogin.firebaseinitprovider"
117-->[com.google.firebase:firebase-common:19.5.0] AndroidManifest.xml:28:13-72
118            android:directBootAware="true"
118-->[com.google.firebase:firebase-common:19.5.0] AndroidManifest.xml:29:13-43
119            android:exported="false"
119-->[com.google.firebase:firebase-common:19.5.0] AndroidManifest.xml:30:13-37
120            android:initOrder="100" />
120-->[com.google.firebase:firebase-common:19.5.0] AndroidManifest.xml:31:13-36
121
122        <activity
122-->[com.google.android.gms:play-services-base:17.1.0] AndroidManifest.xml:23:9-26:75
123            android:name="com.google.android.gms.common.api.GoogleApiActivity"
123-->[com.google.android.gms:play-services-base:17.1.0] AndroidManifest.xml:24:13-79
124            android:exported="false"
124-->[com.google.android.gms:play-services-base:17.1.0] AndroidManifest.xml:25:13-37
125            android:theme="@android:style/Theme.Translucent.NoTitleBar" />
125-->[com.google.android.gms:play-services-base:17.1.0] AndroidManifest.xml:26:13-72
126
127        <receiver
127-->[com.google.android.gms:play-services-measurement:18.0.2] AndroidManifest.xml:29:9-33:20
128            android:name="com.google.android.gms.measurement.AppMeasurementReceiver"
128-->[com.google.android.gms:play-services-measurement:18.0.2] AndroidManifest.xml:30:13-85
129            android:enabled="true"
129-->[com.google.android.gms:play-services-measurement:18.0.2] AndroidManifest.xml:31:13-35
130            android:exported="false" >
130-->[com.google.android.gms:play-services-measurement:18.0.2] AndroidManifest.xml:32:13-37
131        </receiver>
132
133        <service
133-->[com.google.android.gms:play-services-measurement:18.0.2] AndroidManifest.xml:35:9-38:40
134            android:name="com.google.android.gms.measurement.AppMeasurementService"
134-->[com.google.android.gms:play-services-measurement:18.0.2] AndroidManifest.xml:36:13-84
135            android:enabled="true"
135-->[com.google.android.gms:play-services-measurement:18.0.2] AndroidManifest.xml:37:13-35
136            android:exported="false" />
136-->[com.google.android.gms:play-services-measurement:18.0.2] AndroidManifest.xml:38:13-37
137        <service
137-->[com.google.android.gms:play-services-measurement:18.0.2] AndroidManifest.xml:39:9-43:72
138            android:name="com.google.android.gms.measurement.AppMeasurementJobService"
138-->[com.google.android.gms:play-services-measurement:18.0.2] AndroidManifest.xml:40:13-87
139            android:enabled="true"
139-->[com.google.android.gms:play-services-measurement:18.0.2] AndroidManifest.xml:41:13-35
140            android:exported="false"
140-->[com.google.android.gms:play-services-measurement:18.0.2] AndroidManifest.xml:42:13-37
141            android:permission="android.permission.BIND_JOB_SERVICE" />
141-->[com.google.android.gms:play-services-measurement:18.0.2] AndroidManifest.xml:43:13-69
142
143        <meta-data
143-->[com.google.android.gms:play-services-basement:17.1.0] AndroidManifest.xml:23:9-25:69
144            android:name="com.google.android.gms.version"
144-->[com.google.android.gms:play-services-basement:17.1.0] AndroidManifest.xml:24:13-58
145            android:value="@integer/google_play_services_version" />
145-->[com.google.android.gms:play-services-basement:17.1.0] AndroidManifest.xml:25:13-66
146    </application>
147
148</manifest>